Performing C SOURCE FILE Test CMAKE_HAVE_LIBC_PTHREAD failed with the following output:
Change Dir: /root/workspace/Query-Engine-Instance/query_engine_instance/build/cmake/build/CMakeFiles/CMakeScratch/TryCompile-Kn1Eua

Run Build Command(s):/usr/bin/make -f Makefile cmTC_92d3f/fast && /usr/bin/make  -f CMakeFiles/cmTC_92d3f.dir/build.make CMakeFiles/cmTC_92d3f.dir/build
make[1]: Entering directory '/root/workspace/Query-Engine-Instance/query_engine_instance/build/cmake/build/CMakeFiles/CMakeScratch/TryCompile-Kn1Eua'
Building C object CMakeFiles/cmTC_92d3f.dir/src.c.o
/usr/bin/cc -DCMAKE_HAVE_LIBC_PTHREAD   -o CMakeFiles/cmTC_92d3f.dir/src.c.o -c /root/workspace/Query-Engine-Instance/query_engine_instance/build/cmake/build/CMakeFiles/CMakeScratch/TryCompile-Kn1Eua/src.c
Linking C executable cmTC_92d3f
/usr/local/bin/cmake -E cmake_link_script CMakeFiles/cmTC_92d3f.dir/link.txt --verbose=1
/usr/bin/cc CMakeFiles/cmTC_92d3f.dir/src.c.o -o cmTC_92d3f 
CMakeFiles/cmTC_92d3f.dir/src.c.o: In function `main':
src.c:(.text+0x3e): undefined reference to `pthread_create'
src.c:(.text+0x4a): undefined reference to `pthread_detach'
src.c:(.text+0x56): undefined reference to `pthread_cancel'
src.c:(.text+0x67): undefined reference to `pthread_join'
src.c:(.text+0x7b): undefined reference to `pthread_atfork'
collect2: error: ld returned 1 exit status
CMakeFiles/cmTC_92d3f.dir/build.make:98: recipe for target 'cmTC_92d3f' failed
make[1]: *** [cmTC_92d3f] Error 1
make[1]: Leaving directory '/root/workspace/Query-Engine-Instance/query_engine_instance/build/cmake/build/CMakeFiles/CMakeScratch/TryCompile-Kn1Eua'
Makefile:127: recipe for target 'cmTC_92d3f/fast' failed
make: *** [cmTC_92d3f/fast] Error 2


Source file was:
#include <pthread.h>

static void* test_func(void* data)
{
  return data;
}

int main(void)
{
  pthread_t thread;
  pthread_create(&thread, NULL, test_func, NULL);
  pthread_detach(thread);
  pthread_cancel(thread);
  pthread_join(thread, NULL);
  pthread_atfork(NULL, NULL, NULL);
  pthread_exit(NULL);

  return 0;
}


Determining if the function pthread_create exists in the pthreads failed with the following output:
Change Dir: /root/workspace/Query-Engine-Instance/query_engine_instance/build/cmake/build/CMakeFiles/CMakeScratch/TryCompile-qytaNa

Run Build Command(s):/usr/bin/make -f Makefile cmTC_dd3e8/fast && /usr/bin/make  -f CMakeFiles/cmTC_dd3e8.dir/build.make CMakeFiles/cmTC_dd3e8.dir/build
make[1]: Entering directory '/root/workspace/Query-Engine-Instance/query_engine_instance/build/cmake/build/CMakeFiles/CMakeScratch/TryCompile-qytaNa'
Building C object CMakeFiles/cmTC_dd3e8.dir/CheckFunctionExists.c.o
/usr/bin/cc   -DCHECK_FUNCTION_EXISTS=pthread_create -o CMakeFiles/cmTC_dd3e8.dir/CheckFunctionExists.c.o -c /root/workspace/Query-Engine-Instance/query_engine_instance/build/cmake/build/CMakeFiles/CMakeScratch/TryCompile-qytaNa/CheckFunctionExists.c
Linking C executable cmTC_dd3e8
/usr/local/bin/cmake -E cmake_link_script CMakeFiles/cmTC_dd3e8.dir/link.txt --verbose=1
/usr/bin/cc  -DCHECK_FUNCTION_EXISTS=pthread_create CMakeFiles/cmTC_dd3e8.dir/CheckFunctionExists.c.o -o cmTC_dd3e8  -lpthreads 
/usr/bin/ld: cannot find -lpthreads
collect2: error: ld returned 1 exit status
CMakeFiles/cmTC_dd3e8.dir/build.make:98: recipe for target 'cmTC_dd3e8' failed
make[1]: *** [cmTC_dd3e8] Error 1
make[1]: Leaving directory '/root/workspace/Query-Engine-Instance/query_engine_instance/build/cmake/build/CMakeFiles/CMakeScratch/TryCompile-qytaNa'
Makefile:127: recipe for target 'cmTC_dd3e8/fast' failed
make: *** [cmTC_dd3e8/fast] Error 2



